C51 COMPILER V9.54   MAIN                                                                  10/24/2024 19:16:38 PAGE 1   


C51 COMPILER V9.54, COMPILATION OF MODULE MAIN
OBJECT MODULE PLACED IN .\Objects\main.obj
COMPILER INVOKED BY: D:\Program Files\keil51\C51\BIN\C51.EXE main.c OPTIMIZE(8,SPEED) BROWSE DEBUG OBJECTEXTEND PRINT(.\
                    -Listings\main.lst) TABS(2) OBJECT(.\Objects\main.obj)

line level    source

   1          #include <REGX52.H>
   2          
   3          void Delay1ms (unsigned int xms)
   4          {
   5   1        unsigned char i,j;
   6   1        while (xms--)
   7   1        {
   8   2            i = 2;
   9   2            j = 199;
  10   2            do
  11   2            {
  12   3              while (--j);
  13   3            } while (--i);
  14   2        }
  15   1      }
  16          
  17          
  18          
  19          void main()
  20          {
  21   1        unsigned int a;
  22   1        a = 50;
  23   1        while (1)
  24   1          {
  25   2          P2=0xfe;//1111 1110
  26   2          Delay1ms(a);
  27   2          
  28   2          P2=0xfd;//1111 1101
  29   2          Delay1ms(a);
  30   2            
  31   2          P2=0xfb;//1111 1011
  32   2          Delay1ms(a);
  33   2          
  34   2          P2=0xf7;//1111 0111
  35   2          Delay1ms(a);
  36   2          
  37   2          P2=0xef;//1110 1111
  38   2          Delay1ms(a);
  39   2          
  40   2          P2=0xdf;//1101 1111
  41   2          Delay1ms(a);
  42   2          
  43   2          P2=0xbf;//1011 1111
  44   2          Delay1ms(a);
  45   2          
  46   2          P2=0x7f;//0111 1111
  47   2          Delay1ms(a);
  48   2        }
  49   1      }


MODULE INFORMATION:   STATIC OVERLAYABLE
   CODE SIZE        =     79    ----
   CONSTANT SIZE    =   ----    ----
C51 COMPILER V9.54   MAIN                                                                  10/24/2024 19:16:38 PAGE 2   

   XDATA SIZE       =   ----    ----
   PDATA SIZE       =   ----    ----
   DATA SIZE        =   ----    ----
   IDATA SIZE       =   ----    ----
   BIT SIZE         =   ----    ----
END OF MODULE INFORMATION.


C51 COMPILATION COMPLETE.  0 WARNING(S),  0 ERROR(S)
