C51 COMPILER V9.54   ______                                                                10/24/2024 14:45:45 PAGE 1   


C51 COMPILER V9.54, COMPILATION OF MODULE ______
OBJECT MODULE PLACED IN .\Objects\流水灯.obj
COMPILER INVOKED BY: D:\Program Files\keil51\C51\BIN\C51.EXE 流水灯.c OPTIMIZE(8,SPEED) BROWSE DEBUG OBJECTEXTEND PRINT(
                    -.\Listings\流水灯.lst) TABS(2) OBJECT(.\Objects\流水灯.obj)

line level    source

   1          #include <REGX52.H>
   2          #include <INTRINS.H>
   3          
   4          
   5          void Delay500ms()   //@11.0592MHz
   6          {
   7   1        unsigned char i, j, k;
   8   1      
   9   1        _nop_();
  10   1        i = 4;
  11   1        j = 129;
  12   1        k = 119;
  13   1        do
  14   1        {
  15   2          do
  16   2          {
  17   3            while (--k);
  18   3          } while (--j);
  19   2        } while (--i);
  20   1      }
  21          
  22          
  23          
  24          
  25          void main()
  26          {
  27   1        
  28   1        while(1)
  29   1        {
  30   2          P2=0xfe;//1111 1110
  31   2          Delay500ms();
  32   2          
  33   2          P2=0xfd;//1111 1101
  34   2          Delay500ms();
  35   2          
  36   2          P2=0xfb;//1111 1011
  37   2          Delay500ms();
  38   2          
  39   2          P2=0xf7;//1111 0111
  40   2          Delay500ms();
  41   2          
  42   2          P2=0xef;//1110 1111
  43   2          Delay500ms();
  44   2          
  45   2          P2=0xdf;//1101 1111
  46   2          Delay500ms();
  47   2          
  48   2          P2=0xbf;//1011 1111
  49   2          Delay500ms();
  50   2          
  51   2          P2=0x7f;//0111 1111
  52   2          Delay500ms();
  53   2        
  54   2        }
C51 COMPILER V9.54   ______                                                                10/24/2024 14:45:45 PAGE 2   

  55   1      
  56   1      }


MODULE INFORMATION:   STATIC OVERLAYABLE
   CODE SIZE        =     64    ----
   CONSTANT SIZE    =   ----    ----
   XDATA SIZE       =   ----    ----
   PDATA SIZE       =   ----    ----
   DATA SIZE        =   ----    ----
   IDATA SIZE       =   ----    ----
   BIT SIZE         =   ----    ----
END OF MODULE INFORMATION.


C51 COMPILATION COMPLETE.  0 WARNING(S),  0 ERROR(S)
